[debug] [2024-06-03T04:30:19.253Z] ----------------------------------------------------------------------
[debug] [2024-06-03T04:30:19.255Z] Command:       C:\Users\Ovis.Lai\AppData\Local\fnm_multishells\34856_1717382380874\node.exe C:\Users\Ovis.Lai\AppData\Local\fnm_multishells\34856_1717382380874\node_modules\firebase-tools\lib\bin\firebase.js deploy
[debug] [2024-06-03T04:30:19.256Z] CLI Version:   13.10.0
[debug] [2024-06-03T04:30:19.256Z] Platform:      win32
[debug] [2024-06-03T04:30:19.257Z] Node Version:  v18.14.2
[debug] [2024-06-03T04:30:19.258Z] Time:          Mon Jun 03 2024 12:30:19 GMT+0800 (台北標準時間)
[debug] [2024-06-03T04:30:19.259Z] ----------------------------------------------------------------------
[debug] 
[debug] [2024-06-03T04:30:19.263Z] >>> [apiv2][query] GET https://firebase-public.firebaseio.com/cli.json [none]
[debug] [2024-06-03T04:30:19.400Z] > command requires scopes: ["email","openid","https://www.googleapis.com/auth/cloudplatformprojects.readonly","https://www.googleapis.com/auth/firebase","https://www.googleapis.com/auth/cloud-platform"]
[debug] [2024-06-03T04:30:19.401Z] > authorizing via signed-in user (j51217123@gmail.com)
[debug] [2024-06-03T04:30:19.401Z] [iam] checking project guan-shopping-web for permissions ["cloudfunctions.functions.create","cloudfunctions.functions.delete","cloudfunctions.functions.get","cloudfunctions.functions.list","cloudfunctions.functions.update","cloudfunctions.operations.get","firebase.projects.get","firebasehosting.sites.update"]
[debug] [2024-06-03T04:30:19.403Z] > refreshing access token with scopes: []
[debug] [2024-06-03T04:30:19.404Z] >>> [apiv2][query] POST https://www.googleapis.com/oauth2/v3/token [none]
[debug] [2024-06-03T04:30:19.404Z] >>> [apiv2][body] POST https://www.googleapis.com/oauth2/v3/token [omitted]
[debug] [2024-06-03T04:30:19.777Z] <<< [apiv2][status] GET https://firebase-public.firebaseio.com/cli.json 200
[debug] [2024-06-03T04:30:19.777Z] <<< [apiv2][body] GET https://firebase-public.firebaseio.com/cli.json {"cloudBuildErrorAfter":1594252800000,"cloudBuildWarnAfter":1590019200000,"defaultNode10After":1594252800000,"minVersion":"3.0.5","node8DeploysDisabledAfter":1613390400000,"node8RuntimeDisabledAfter":1615809600000,"node8WarnAfter":1600128000000}
[debug] [2024-06-03T04:30:19.816Z] <<< [apiv2][status] POST https://www.googleapis.com/oauth2/v3/token 200
[debug] [2024-06-03T04:30:19.816Z] <<< [apiv2][body] POST https://www.googleapis.com/oauth2/v3/token [omitted]
[debug] [2024-06-03T04:30:19.825Z] >>> [apiv2][query] POST https://cloudresourcemanager.googleapis.com/v1/projects/guan-shopping-web:testIamPermissions [none]
[debug] [2024-06-03T04:30:19.825Z] >>> [apiv2][(partial)header] POST https://cloudresourcemanager.googleapis.com/v1/projects/guan-shopping-web:testIamPermissions x-goog-quota-user=projects/guan-shopping-web
[debug] [2024-06-03T04:30:19.825Z] >>> [apiv2][body] POST https://cloudresourcemanager.googleapis.com/v1/projects/guan-shopping-web:testIamPermissions {"permissions":["cloudfunctions.functions.create","cloudfunctions.functions.delete","cloudfunctions.functions.get","cloudfunctions.functions.list","cloudfunctions.functions.update","cloudfunctions.operations.get","firebase.projects.get","firebasehosting.sites.update"]}
[debug] [2024-06-03T04:30:20.762Z] <<< [apiv2][status] POST https://cloudresourcemanager.googleapis.com/v1/projects/guan-shopping-web:testIamPermissions 200
[debug] [2024-06-03T04:30:20.762Z] <<< [apiv2][body] POST https://cloudresourcemanager.googleapis.com/v1/projects/guan-shopping-web:testIamPermissions {"permissions":["cloudfunctions.functions.create","cloudfunctions.functions.delete","cloudfunctions.functions.get","cloudfunctions.functions.list","cloudfunctions.functions.update","cloudfunctions.operations.get","firebase.projects.get","firebasehosting.sites.update"]}
[debug] [2024-06-03T04:30:20.763Z] >>> [apiv2][query] POST https://iam.googleapis.com/v1/projects/guan-shopping-web/serviceAccounts/guan-shopping-web@appspot.gserviceaccount.com:testIamPermissions [none]
[debug] [2024-06-03T04:30:20.763Z] >>> [apiv2][body] POST https://iam.googleapis.com/v1/projects/guan-shopping-web/serviceAccounts/guan-shopping-web@appspot.gserviceaccount.com:testIamPermissions {"permissions":["iam.serviceAccounts.actAs"]}
[debug] [2024-06-03T04:30:21.927Z] <<< [apiv2][status] POST https://iam.googleapis.com/v1/projects/guan-shopping-web/serviceAccounts/guan-shopping-web@appspot.gserviceaccount.com:testIamPermissions 200
[debug] [2024-06-03T04:30:21.927Z] <<< [apiv2][body] POST https://iam.googleapis.com/v1/projects/guan-shopping-web/serviceAccounts/guan-shopping-web@appspot.gserviceaccount.com:testIamPermissions {"permissions":["iam.serviceAccounts.actAs"]}
[debug] [2024-06-03T04:30:21.928Z] >>> [apiv2][query] GET https://firebase.googleapis.com/v1beta1/projects/guan-shopping-web [none]
[debug] [2024-06-03T04:30:22.172Z] <<< [apiv2][status] GET https://firebase.googleapis.com/v1beta1/projects/guan-shopping-web 200
[debug] [2024-06-03T04:30:22.173Z] <<< [apiv2][body] GET https://firebase.googleapis.com/v1beta1/projects/guan-shopping-web {"projectId":"guan-shopping-web","projectNumber":"837685921252","displayName":"guan-shopping-web","name":"projects/guan-shopping-web","resources":{"hostingSite":"guan-shopping-web","realtimeDatabaseInstance":"guan-shopping-web-default-rtdb","storageBucket":"guan-shopping-web.appspot.com","locationId":"asia-east1"},"state":"ACTIVE","etag":"1_88c3a904-87cd-4a95-83e9-bdf663802f3c"}
[info] 
[info] === Deploying to 'guan-shopping-web'...
[info] 
[info] i  deploying functions, hosting 
[info] Running command: npm --prefix "$RESOURCE_DIR" run lint
